app/build/intermediates/manifest_merge_blame_file/debug/processDebugMainManifest/manifest-merger-blame-debug-report.txt
1<?xml version="1.0" encoding="utf-8"?>
2<manifest xmlns:android="http://schemas.android.com/apk/res/android"
3    package="com.symdev.netswitch"
4    android:versionCode="20"
5    android:versionName="2.0" >
6
7    <uses-sdk
8        android:minSdkVersion="26"
9        android:targetSdkVersion="36" />
10
11    <uses-permission android:name="android.permission.INTERNET" />
11-->src/main/AndroidManifest.xml:4:5-67
11-->src/main/AndroidManifest.xml:4:22-64
12    <uses-permission android:name="android.permission.ACCESS_NETWORK_STATE" />
12-->src/main/AndroidManifest.xml:5:5-79
12-->src/main/AndroidManifest.xml:5:22-76
13    <uses-permission android:name="android.permission.ACCESS_FINE_LOCATION" />
13-->src/main/AndroidManifest.xml:6:5-79
13-->src/main/AndroidManifest.xml:6:22-76
14    <uses-permission android:name="android.permission.ACCESS_COARSE_LOCATION" />
14-->src/main/AndroidManifest.xml:7:5-81
14-->src/main/AndroidManifest.xml:7:22-78
15    <uses-permission android:name="android.permission.ACCESS_BACKGROUND_LOCATION" />
15-->src/main/AndroidManifest.xml:8:5-85
15-->src/main/AndroidManifest.xml:8:22-82
16    <uses-permission android:name="android.permission.POST_NOTIFICATIONS" />
16-->src/main/AndroidManifest.xml:9:5-77
16-->src/main/AndroidManifest.xml:9:22-74
17    <uses-permission android:name="android.permission.RECEIVE_BOOT_COMPLETED" />
17-->src/main/AndroidManifest.xml:10:5-81
17-->src/main/AndroidManifest.xml:10:22-78
18
19    <permission
19-->[androidx.core:core:1.13.1] AndroidManifest.xml:22:5-24:47
20        android:name="com.symdev.netswitch.DYNAMIC_RECEIVER_NOT_EXPORTED_PERMISSION"
20-->[androidx.core:core:1.13.1] AndroidManifest.xml:23:9-81
21        android:protectionLevel="signature" />
21-->[androidx.core:core:1.13.1] AndroidManifest.xml:24:9-44
22
23    <uses-permission android:name="com.symdev.netswitch.DYNAMIC_RECEIVER_NOT_EXPORTED_PERMISSION" />
23-->[androidx.core:core:1.13.1] AndroidManifest.xml:26:5-97
23-->[androidx.core:core:1.13.1] AndroidManifest.xml:26:22-94
24
25    <supports-screens
25-->[org.osmdroid:osmdroid-android:6.1.20] AndroidManifest.xml:9:5-12:40
26        android:anyDensity="true"
26-->[org.osmdroid:osmdroid-android:6.1.20] AndroidManifest.xml:10:9-34
27        android:largeScreens="true"
27-->[org.osmdroid:osmdroid-android:6.1.20] AndroidManifest.xml:11:9-36
28        android:normalScreens="true" />
28-->[org.osmdroid:osmdroid-android:6.1.20] AndroidManifest.xml:12:9-37
29
30    <uses-feature
30-->[org.osmdroid:osmdroid-android:6.1.20] AndroidManifest.xml:14:5-16:36
31        android:name="android.hardware.location.network"
31-->[org.osmdroid:osmdroid-android:6.1.20] AndroidManifest.xml:15:9-57
32        android:required="false" />
32-->[org.osmdroid:osmdroid-android:6.1.20] AndroidManifest.xml:16:9-33
33    <uses-feature
33-->[org.osmdroid:osmdroid-android:6.1.20] AndroidManifest.xml:17:5-19:36
34        android:name="android.hardware.location.gps"
34-->[org.osmdroid:osmdroid-android:6.1.20] AndroidManifest.xml:18:9-53
35        android:required="false" />
35-->[org.osmdroid:osmdroid-android:6.1.20] AndroidManifest.xml:19:9-33
36    <uses-feature
36-->[org.osmdroid:osmdroid-android:6.1.20] AndroidManifest.xml:20:5-22:36
37        android:name="android.hardware.telephony"
37-->[org.osmdroid:osmdroid-android:6.1.20] AndroidManifest.xml:21:9-50
38        android:required="false" />
38-->[org.osmdroid:osmdroid-android:6.1.20] AndroidManifest.xml:22:9-33
39    <uses-feature
39-->[org.osmdroid:osmdroid-android:6.1.20] AndroidManifest.xml:23:5-25:36
40        android:name="android.hardware.wifi"
40-->[org.osmdroid:osmdroid-android:6.1.20] AndroidManifest.xml:24:9-45
41        android:required="false" />
41-->[org.osmdroid:osmdroid-android:6.1.20] AndroidManifest.xml:25:9-33
42
43    <application
43-->src/main/AndroidManifest.xml:12:5-52:19
44        android:name="com.symdev.netswitch.NetSwitchApp"
44-->src/main/AndroidManifest.xml:13:9-37
45        android:allowBackup="true"
45-->src/main/AndroidManifest.xml:14:9-35
46        android:appComponentFactory="androidx.core.app.CoreComponentFactory"
46-->[androidx.core:core:1.13.1] AndroidManifest.xml:28:18-86
47        android:dataExtractionRules="@xml/data_extraction_rules"
47-->src/main/AndroidManifest.xml:15:9-65
48        android:debuggable="true"
49        android:extractNativeLibs="false"
50        android:fullBackupContent="@xml/backup_rules"
50-->src/main/AndroidManifest.xml:16:9-54
51        android:icon="@drawable/ic_launcher_foreground"
51-->src/main/AndroidManifest.xml:17:9-56
52        android:label="@string/app_name"
52-->src/main/AndroidManifest.xml:18:9-41
53        android:supportsRtl="true"
53-->src/main/AndroidManifest.xml:19:9-35
54        android:theme="@style/Theme.NetSwitch" >
54-->src/main/AndroidManifest.xml:20:9-47
55        <activity
55-->src/main/AndroidManifest.xml:22:9-31:20
56            android:name="com.symdev.netswitch.MainActivity"
56-->src/main/AndroidManifest.xml:23:13-41
57            android:exported="true"
57-->src/main/AndroidManifest.xml:24:13-36
58            android:label="@string/app_name"
58-->src/main/AndroidManifest.xml:25:13-45
59            android:theme="@style/Theme.NetSwitch" >
59-->src/main/AndroidManifest.xml:26:13-51
60            <intent-filter>
60-->src/main/AndroidManifest.xml:27:13-30:29
61                <action android:name="android.intent.action.MAIN" />
61-->src/main/AndroidManifest.xml:28:17-69
61-->src/main/AndroidManifest.xml:28:25-66
62
63                <category android:name="android.intent.category.LAUNCHER" />
63-->src/main/AndroidManifest.xml:29:17-77
63-->src/main/AndroidManifest.xml:29:27-74
64            </intent-filter>
65        </activity>
66        <activity
66-->src/main/AndroidManifest.xml:33:9-37:75
67            android:name="com.symdev.netswitch.ui.SettingsRedirectActivity"
67-->src/main/AndroidManifest.xml:34:13-56
68            android:excludeFromRecents="true"
68-->src/main/AndroidManifest.xml:36:13-46
69            android:exported="false"
69-->src/main/AndroidManifest.xml:35:13-37
70            android:theme="@android:style/Theme.Translucent.NoTitleBar" />
70-->src/main/AndroidManifest.xml:37:13-72
71
72        <receiver
72-->src/main/AndroidManifest.xml:39:9-42:40
73            android:name="com.symdev.netswitch.geofence.GeofenceBroadcastReceiver"
73-->src/main/AndroidManifest.xml:40:13-63
74            android:enabled="true"
74-->src/main/AndroidManifest.xml:41:13-35
75            android:exported="false" />
75-->src/main/AndroidManifest.xml:42:13-37
76        <receiver
76-->src/main/AndroidManifest.xml:44:9-50:20
77            android:name="com.symdev.netswitch.boot.BootReceiver"
77-->src/main/AndroidManifest.xml:45:13-46
78            android:exported="true" >
78-->src/main/AndroidManifest.xml:46:13-36
79            <intent-filter>
79-->src/main/AndroidManifest.xml:47:13-49:29
80                <action android:name="android.intent.action.BOOT_COMPLETED" />
80-->src/main/AndroidManifest.xml:48:17-79
80-->src/main/AndroidManifest.xml:48:25-76
81            </intent-filter>
82        </receiver>
83
84        <activity
84-->[com.google.android.gms:play-services-base:18.1.0] AndroidManifest.xml:20:9-22:45
85            android:name="com.google.android.gms.common.api.GoogleApiActivity"
85-->[com.google.android.gms:play-services-base:18.1.0] AndroidManifest.xml:20:19-85
86            android:exported="false"
86-->[com.google.android.gms:play-services-base:18.1.0] AndroidManifest.xml:22:19-43
87            android:theme="@android:style/Theme.Translucent.NoTitleBar" />
87-->[com.google.android.gms:play-services-base:18.1.0] AndroidManifest.xml:21:19-78
88        <activity
88-->[androidx.compose.ui:ui-tooling-android:1.6.8] AndroidManifest.xml:23:9-25:39
89            android:name="androidx.compose.ui.tooling.PreviewActivity"
89-->[androidx.compose.ui:ui-tooling-android:1.6.8] AndroidManifest.xml:24:13-71
90            android:exported="true" />
90-->[androidx.compose.ui:ui-tooling-android:1.6.8] AndroidManifest.xml:25:13-36
91
92        <provider
92-->[androidx.emoji2:emoji2:1.3.0] AndroidManifest.xml:24:9-32:20
93            android:name="androidx.startup.InitializationProvider"
93-->[androidx.emoji2:emoji2:1.3.0] AndroidManifest.xml:25:13-67
94            android:authorities="com.symdev.netswitch.androidx-startup"
94-->[androidx.emoji2:emoji2:1.3.0] AndroidManifest.xml:26:13-68
95            android:exported="false" >
95-->[androidx.emoji2:emoji2:1.3.0] AndroidManifest.xml:27:13-37
96            <meta-data
96-->[androidx.emoji2:emoji2:1.3.0] AndroidManifest.xml:29:13-31:52
97                android:name="androidx.emoji2.text.EmojiCompatInitializer"
97-->[androidx.emoji2:emoji2:1.3.0] AndroidManifest.xml:30:17-75
98                android:value="androidx.startup" />
98-->[androidx.emoji2:emoji2:1.3.0] AndroidManifest.xml:31:17-49
99            <meta-data
99-->[androidx.lifecycle:lifecycle-process:2.8.4] AndroidManifest.xml:29:13-31:52
100                android:name="androidx.lifecycle.ProcessLifecycleInitializer"
100-->[androidx.lifecycle:lifecycle-process:2.8.4] AndroidManifest.xml:30:17-78
101                android:value="androidx.startup" />
101-->[androidx.lifecycle:lifecycle-process:2.8.4] AndroidManifest.xml:31:17-49
102            <meta-data
102-->[androidx.profileinstaller:profileinstaller:1.3.1] AndroidManifest.xml:29:13-31:52
103                android:name="androidx.profileinstaller.ProfileInstallerInitializer"
103-->[androidx.profileinstaller:profileinstaller:1.3.1] AndroidManifest.xml:30:17-85
104                android:value="androidx.startup" />
104-->[androidx.profileinstaller:profileinstaller:1.3.1] AndroidManifest.xml:31:17-49
105        </provider>
106
107        <meta-data
107-->[com.google.android.gms:play-services-basement:18.1.0] AndroidManifest.xml:21:9-23:69
108            android:name="com.google.android.gms.version"
108-->[com.google.android.gms:play-services-basement:18.1.0] AndroidManifest.xml:22:13-58
109            android:value="@integer/google_play_services_version" />
109-->[com.google.android.gms:play-services-basement:18.1.0] AndroidManifest.xml:23:13-66
110
111        <activity
111-->[androidx.compose.ui:ui-test-manifest:1.6.8] AndroidManifest.xml:23:9-25:39
112            android:name="androidx.activity.ComponentActivity"
112-->[androidx.compose.ui:ui-test-manifest:1.6.8] AndroidManifest.xml:24:13-63
113            android:exported="true" />
113-->[androidx.compose.ui:ui-test-manifest:1.6.8] AndroidManifest.xml:25:13-36
114
115        <receiver
115-->[androidx.profileinstaller:profileinstaller:1.3.1] AndroidManifest.xml:34:9-52:20
116            android:name="androidx.profileinstaller.ProfileInstallReceiver"
116-->[androidx.profileinstaller:profileinstaller:1.3.1] AndroidManifest.xml:35:13-76
117            android:directBootAware="false"
117-->[androidx.profileinstaller:profileinstaller:1.3.1] AndroidManifest.xml:36:13-44
118            android:enabled="true"
118-->[androidx.profileinstaller:profileinstaller:1.3.1] AndroidManifest.xml:37:13-35
119            android:exported="true"
119-->[androidx.profileinstaller:profileinstaller:1.3.1] AndroidManifest.xml:38:13-36
120            android:permission="android.permission.DUMP" >
120-->[androidx.profileinstaller:profileinstaller:1.3.1] AndroidManifest.xml:39:13-57
121            <intent-filter>
121-->[androidx.profileinstaller:profileinstaller:1.3.1] AndroidManifest.xml:40:13-42:29
122                <action android:name="androidx.profileinstaller.action.INSTALL_PROFILE" />
122-->[androidx.profileinstaller:profileinstaller:1.3.1] AndroidManifest.xml:41:17-91
122-->[androidx.profileinstaller:profileinstaller:1.3.1] AndroidManifest.xml:41:25-88
123            </intent-filter>
124            <intent-filter>
124-->[androidx.profileinstaller:profileinstaller:1.3.1] AndroidManifest.xml:43:13-45:29
125                <action android:name="androidx.profileinstaller.action.SKIP_FILE" />
125-->[androidx.profileinstaller:profileinstaller:1.3.1] AndroidManifest.xml:44:17-85
125-->[androidx.profileinstaller:profileinstaller:1.3.1] AndroidManifest.xml:44:25-82
126            </intent-filter>
127            <intent-filter>
127-->[androidx.profileinstaller:profileinstaller:1.3.1] AndroidManifest.xml:46:13-48:29
128                <action android:name="androidx.profileinstaller.action.SAVE_PROFILE" />
128-->[androidx.profileinstaller:profileinstaller:1.3.1] AndroidManifest.xml:47:17-88
128-->[androidx.profileinstaller:profileinstaller:1.3.1] AndroidManifest.xml:47:25-85
129            </intent-filter>
130            <intent-filter>
130-->[androidx.profileinstaller:profileinstaller:1.3.1] AndroidManifest.xml:49:13-51:29
131                <action android:name="androidx.profileinstaller.action.BENCHMARK_OPERATION" />
131-->[androidx.profileinstaller:profileinstaller:1.3.1] AndroidManifest.xml:50:17-95
131-->[androidx.profileinstaller:profileinstaller:1.3.1] AndroidManifest.xml:50:25-92
132            </intent-filter>
133        </receiver>
134    </application>
135
136</manifest>